


ARM Macro Assembler    Page 1 


    1 00000000                 AREA             question2, CODE, READWRITE
    2 00000000                 ENTRY
    3 00000000         
    4 00000000 E59F2064        LDR              r2, =STRING ; Load the String i
                                                            nto R2
    5 00000004 E28F405E        ADR              r4, EoS -1  ; Load the end of t
                                                            he string into r4
    6 00000008         
    7 00000008         loopLetters
    8 00000008 E4545001 
                       PointR  LDRB             r5, [r4], #-1 ; Load r5 with th
                                                            e address of the en
                                                            d of the string poi
                                                            nter
    9 0000000C E3550000        CMP              r5, #0x00   ; Check if the valu
                                                            e is the end of the
                                                             string
   10 00000010 0A00000D        BEQ              palin       ; if it is, it is a
                                                             palindrome as all 
                                                            the values are equa
                                                            l ignoring the non 
                                                            chars, from left to
                                                             right
   11 00000014 E3855020        ORR              r5, #0X20   ; adds 20 hex value
                                                            , puts in lower cas
                                                            e
   12 00000018 E3550061        CMP              r5, #0X61   ; Char lower bound
   13 0000001C BAFFFFF9        BLT              PointR      ; Less than? not a 
                                                            letter: reset the l
                                                            oop
   14 00000020 E355007A        CMP              r5, #0X7A   ; char upper bound
   15 00000024 CAFFFFF7        BGT              PointR      ; Greater Than? not
                                                             a letter: reset th
                                                            e loop
   16 00000028         
   17 00000028 E4D23001 
                       PointL  LDRB             r3, [r2], #1 ; load r3 with the
                                                             address of the fir
                                                            st character in the
                                                             string
   18 0000002C E3833020        ORR              r3, #0x20   ; adds 20 hex value
                                                            , puts in lower cas
                                                            e
   19 00000030 E3530061        CMP              r3, #0x61   ; Char lower bound
   20 00000034 BAFFFFFB        BLT              PointL      ; less than? not a 
                                                            letter: go back
   21 00000038 E353007A        CMP              r3, #0x7A   ; char upper bound
   22 0000003C CAFFFFF9        BGT              PointL      ; Greater Than? not
                                                             a letter: go back
   23 00000040         
   24 00000040 E1530005        CMP              r3,r5       ; Compare the value
                                                            s for both register
                                                            s and see if 
   25 00000044 1A000002        BNE              notPalin    ; if not equal, the
                                                            n go to notPalin
   26 00000048 EAFFFFEE        b                loopLetters ; loop the letters 
                                                            until they're all c
                                                            hecked
   27 0000004C         



ARM Macro Assembler    Page 2 


   28 0000004C E3A00001 
                       palin   LDR              r0, =1      ; Load the register
                                                             r0 with 1
   29 00000050 EA000000        b                exit        ; exit the program 
                                                            if it is a palindro
                                                            me
   30 00000054 E3A00002 
                       notPalin
                               LDR              r0, =2      ; Load the register
                                                             r0 with 2
   31 00000058 EAFFFFFE 
                       exit    b                exit        ; Exit
   32 0000005C         
   33 0000005C 49 4E 2F 
              54 65 65 
              61 65 65 
              54 3C 3C 
              4E 49 3F STRING  DCB              "IN/TeeaeeT<<NI?" ;STRING
   34 0000006B 00      EoS     DCB              0x00
   35 0000006C                 END
              00000000 
Command Line: --debug --xref --bi --apcs=interwork --depend=.\question2.d -o.\q
uestion2.o -IC:\Keil\ARM\RV31\INC -IC:\Keil\ARM\CMSIS\Include --predefine="__EV
AL SETA 1" --list=.\question2.lst question2.s



ARM Macro Assembler    Page 1 Alphabetic symbol ordering
Relocatable symbols

EoS 0000006B

Symbol: EoS
   Definitions
      At line 34 in file question2.s
   Uses
      At line 5 in file question2.s
Comment: EoS used once
PointL 00000028

Symbol: PointL
   Definitions
      At line 17 in file question2.s
   Uses
      At line 20 in file question2.s
      At line 22 in file question2.s

PointR 00000008

Symbol: PointR
   Definitions
      At line 8 in file question2.s
   Uses
      At line 13 in file question2.s
      At line 15 in file question2.s

STRING 0000005C

Symbol: STRING
   Definitions
      At line 33 in file question2.s
   Uses
      At line 4 in file question2.s
Comment: STRING used once
exit 00000058

Symbol: exit
   Definitions
      At line 31 in file question2.s
   Uses
      At line 29 in file question2.s
      At line 31 in file question2.s

loopLetters 00000008

Symbol: loopLetters
   Definitions
      At line 7 in file question2.s
   Uses
      At line 26 in file question2.s
Comment: loopLetters used once
notPalin 00000054

Symbol: notPalin
   Definitions
      At line 30 in file question2.s
   Uses
      At line 25 in file question2.s
Comment: notPalin used once



ARM Macro Assembler    Page 2 Alphabetic symbol ordering
Relocatable symbols

palin 0000004C

Symbol: palin
   Definitions
      At line 28 in file question2.s
   Uses
      At line 10 in file question2.s
Comment: palin used once
question2 00000000

Symbol: question2
   Definitions
      At line 1 in file question2.s
   Uses
      None
Comment: question2 unused
9 symbols
342 symbols in table
